{"uuid":"c21c3c7f-8fa4-4ade-a7cc-b3a26d40d29f","historyId":"e5a331d104d8e7447f04e99b9bb54f58","status":"failed","statusDetails":{},"stage":"finished","steps":[{"status":"passed","statusDetails":{},"stage":"finished","steps":[],"attachments":[{"name":"Request","type":"text/plain","source":"73542399-54c0-4f32-a299-c668738ed4c4-attachment.txt"},{"name":"Response","type":"text/plain","source":"f97d1aad-34ac-45bf-84e4-1f9ce8bc21c3-attachment.txt"}],"parameters":[],"start":1710331829213,"name":"POST /session/:sessionId/element","stop":1710331829285},{"status":"failed","statusDetails":{"message":"AssertionError: expected Promise{…} to equal 'Inputs'","trace":"AssertionError: expected Promise{…} to equal 'Inputs'\n    at World.<anonymous> (file:///J:/webDriverIO_Automation/webDriver_IO_e2e_automation/test/features/step-definitions/webInteraction.ts:20:39)\n    at processTicksAndRejections (node:internal/process/task_queues:96:5)\n    at async wrapPromiseWithTimeout (J:\\webDriverIO_Automation\\webDriver_IO_e2e_automation\\node_modules\\@cucumber\\cucumber\\src\\time.ts:55:10)\n    at async Object.run (J:\\webDriverIO_Automation\\webDriver_IO_e2e_automation\\node_modules\\@cucumber\\cucumber\\src\\user_code_runner.ts:86:16)\n    at async Object.run (J:\\webDriverIO_Automation\\webDriver_IO_e2e_automation\\node_modules\\@cucumber\\cucumber\\src\\runtime\\step_runner.ts:50:20)\n    at async TestCaseRunner.invokeStep (J:\\webDriverIO_Automation\\webDriver_IO_e2e_automation\\node_modules\\@cucumber\\cucumber\\src\\runtime\\test_case_runner.ts:137:12)\n    at async TestCaseRunner.runStep (J:\\webDriverIO_Automation\\webDriver_IO_e2e_automation\\node_modules\\@cucumber\\cucumber\\src\\runtime\\test_case_runner.ts:334:20)\n    at async J:\\webDriverIO_Automation\\webDriver_IO_e2e_automation\\node_modules\\@cucumber\\cucumber\\src\\runtime\\test_case_runner.ts:240:34\n    at async TestCaseRunner.aroundTestStep (J:\\webDriverIO_Automation\\webDriver_IO_e2e_automation\\node_modules\\@cucumber\\cucumber\\src\\runtime\\test_case_runner.ts:170:28)\n    at async TestCaseRunner.runAttempt (J:\\webDriverIO_Automation\\webDriver_IO_e2e_automation\\node_modules\\@cucumber\\cucumber\\src\\runtime\\test_case_runner.ts:218:7)"},"stage":"finished","steps":[],"attachments":[],"parameters":[],"start":1710331829323,"name":"Then enter some random number in an input box","stop":1710331829365}],"attachments":[],"parameters":[{"name":"browser","value":"chrome-122.0.6261.95"}],"labels":[{"name":"language","value":"javascript"},{"name":"framework","value":"wdio"},{"name":"package","value":"J:.webDriverIO_Automation.webDriver_IO_e2e_automation.test.features.demo.webInteraction.feature"},{"name":"thread","value":"0-1"},{"name":"suite","value":"Demo feature: Create basic test case to open webpage"},{"name":"feature","value":"Demo feature: Create basic test case to open webpage"}],"links":[],"start":1710331829207,"name":"Then enter some random number in an input box","testCaseId":"e5a331d104d8e7447f04e99b9bb54f58","stop":1710331829387}