{"uuid":"e22a2598-b2b6-40d4-9257-0007ff4e5591","historyId":"e5a331d104d8e7447f04e99b9bb54f58","status":"failed","statusDetails":{},"stage":"finished","steps":[{"status":"passed","statusDetails":{},"stage":"finished","steps":[],"attachments":[{"name":"Request","type":"text/plain","source":"67f9edca-7055-4dc8-a246-ef6e7130e958-attachment.txt"},{"name":"Response","type":"text/plain","source":"48933985-3bbd-49e3-a865-04d8ed649721-attachment.txt"}],"parameters":[],"start":1710332143214,"name":"POST /session/:sessionId/element","stop":1710332143249},{"status":"failed","statusDetails":{"message":"AssertionError: expected Promise{…} to equal 'Inputs'","trace":"AssertionError: expected Promise{…} to equal 'Inputs'\n    at World.<anonymous> (file:///J:/webDriverIO_Automation/webDriver_IO_e2e_automation/test/features/step-definitions/webInteraction.ts:21:39)\n    at processTicksAndRejections (node:internal/process/task_queues:96:5)\n    at async wrapPromiseWithTimeout (J:\\webDriverIO_Automation\\webDriver_IO_e2e_automation\\node_modules\\@cucumber\\cucumber\\src\\time.ts:55:10)\n    at async Object.run (J:\\webDriverIO_Automation\\webDriver_IO_e2e_automation\\node_modules\\@cucumber\\cucumber\\src\\user_code_runner.ts:86:16)\n    at async Object.run (J:\\webDriverIO_Automation\\webDriver_IO_e2e_automation\\node_modules\\@cucumber\\cucumber\\src\\runtime\\step_runner.ts:50:20)\n    at async TestCaseRunner.invokeStep (J:\\webDriverIO_Automation\\webDriver_IO_e2e_automation\\node_modules\\@cucumber\\cucumber\\src\\runtime\\test_case_runner.ts:137:12)\n    at async TestCaseRunner.runStep (J:\\webDriverIO_Automation\\webDriver_IO_e2e_automation\\node_modules\\@cucumber\\cucumber\\src\\runtime\\test_case_runner.ts:334:20)\n    at async J:\\webDriverIO_Automation\\webDriver_IO_e2e_automation\\node_modules\\@cucumber\\cucumber\\src\\runtime\\test_case_runner.ts:240:34\n    at async TestCaseRunner.aroundTestStep (J:\\webDriverIO_Automation\\webDriver_IO_e2e_automation\\node_modules\\@cucumber\\cucumber\\src\\runtime\\test_case_runner.ts:170:28)\n    at async TestCaseRunner.runAttempt (J:\\webDriverIO_Automation\\webDriver_IO_e2e_automation\\node_modules\\@cucumber\\cucumber\\src\\runtime\\test_case_runner.ts:218:7)"},"stage":"finished","steps":[],"attachments":[],"parameters":[],"start":1710332143273,"name":"Then enter some random number in an input box","stop":1710332143275}],"attachments":[],"parameters":[{"name":"browser","value":"chrome-122.0.6261.95"}],"labels":[{"name":"language","value":"javascript"},{"name":"framework","value":"wdio"},{"name":"package","value":"J:.webDriverIO_Automation.webDriver_IO_e2e_automation.test.features.demo.webInteraction.feature"},{"name":"thread","value":"0-1"},{"name":"suite","value":"Demo feature: Create basic test case to open webpage"},{"name":"feature","value":"Demo feature: Create basic test case to open webpage"}],"links":[],"start":1710332143210,"name":"Then enter some random number in an input box","testCaseId":"e5a331d104d8e7447f04e99b9bb54f58","stop":1710332143287}